#
# There is insufficient memory for the Java Runtime Environment to continue.
# Native memory allocation (mmap) failed to map 532676608 bytes for G1 virtual space
# Possible reasons:
#   The system is out of physical RAM or swap space
#   The process is running with CompressedOops enabled, and the Java Heap may be blocking the growth of the native heap
# Possible solutions:
#   Reduce memory load on the system
#   Increase physical memory or swap space
#   Check if swap backing store is full
#   Decrease Java heap size (-Xmx/-Xms)
#   Decrease number of Java threads
#   Decrease Java thread stack sizes (-Xss)
#   Set larger code cache with -XX:ReservedCodeCacheSize=
#   JVM is running with Zero Based Compressed Oops mode in which the Java heap is
#     placed in the first 32GB address space. The Java Heap base address is the
#     maximum limit for the native heap growth. Please use -XX:HeapBaseMinAddress
#     to set the Java Heap base and to place the Java Heap above 32GB virtual address.
# This output file may be truncated or incomplete.
#
#  Out of Memory Error (os_windows.cpp:3600), pid=8052, tid=31460
#
# JRE version:  (21.0.1+12) (build )
# Java VM: Java HotSpot(TM) 64-Bit Server VM (21.0.1+12-LTS-29, mixed mode, sharing, tiered, compressed oops, compressed class ptrs, g1 gc, windows-amd64)
# No core dump will be written. Minidumps are not enabled by default on client versions of Windows
#

---------------  S U M M A R Y ------------

Command Line: -XX:+ShowCodeDetailsInExceptionMessages App

Host: 11th Gen Intel(R) Core(TM) i7-11800H @ 2.30GHz, 16 cores, 31G,  Windows 11 , 64 bit Build 22000 (10.0.22000.2538)
Time: Mon Apr 21 00:28:37 2025  Windows 11 , 64 bit Build 22000 (10.0.22000.2538) elapsed time: 0.017454 seconds (0d 0h 0m 0s)

---------------  T H R E A D  ---------------

Current thread (0x000001d5f965f160):  JavaThread "Unknown thread" [_thread_in_vm, id=31460, stack(0x000000592f200000,0x000000592f300000) (1024K)]

Stack: [0x000000592f200000,0x000000592f300000]
Native frames: (J=compiled Java code, j=interpreted, Vv=VM code, C=native code)
V  [jvm.dll+0x6c9029]
V  [jvm.dll+0x854b81]
V  [jvm.dll+0x856e5e]
V  [jvm.dll+0x857543]
V  [jvm.dll+0x280c06]
V  [jvm.dll+0x6c5715]
V  [jvm.dll+0x6ba10a]
V  [jvm.dll+0x3557ea]
V  [jvm.dll+0x35d436]
V  [jvm.dll+0x3ae1be]
V  [jvm.dll+0x3ae468]
V  [jvm.dll+0x3291fc]
V  [jvm.dll+0x329d8b]
V  [jvm.dll+0x81d179]
V  [jvm.dll+0x3bb4f1]
V  [jvm.dll+0x805ae8]
V  [jvm.dll+0x44effe]
V  [jvm.dll+0x450901]
C  [jli.dll+0x52a3]
C  [ucrtbase.dll+0x26c0c]
C  [KERNEL32.DLL+0x153e0]
C  [ntdll.dll+0x485b]


---------------  P R O C E S S  ---------------

Threads class SMR info:
_java_thread_list=0x00007ff9cb7f9b88, length=0, elements={
}

Java Threads: ( => current thread )
Total: 0

Other Threads:
  0x000001d5fb87eec0 WorkerThread "GC Thread#0"                     [id=18464, stack(0x000000592f300000,0x000000592f400000) (1024K)]
  0x000001d5fb88fd50 ConcurrentGCThread "G1 Main Marker"            [id=11608, stack(0x000000592f400000,0x000000592f500000) (1024K)]
  0x000001d5fb890ef0 WorkerThread "G1 Conc#0"                       [id=19968, stack(0x000000592f500000,0x000000592f600000) (1024K)]

[error occurred during error reporting (printing all threads), id 0xc0000005, EXCEPTION_ACCESS_VIOLATION (0xc0000005) at pc=0x00007ff9caf6c2c7]
VM state: not at safepoint (not fully initialized)

VM Mutex/Monitor currently owned by a thread:  ([mutex/lock_event])
[0x00007ff9cb86a6f8] Heap_lock - owner thread: 0x000001d5f965f160

Heap address: 0x0000000604000000, size: 8128 MB, Compressed Oops mode: Zero based, Oop shift amount: 3

CDS archive(s) mapped at: [0x0000000000000000-0x0000000000000000-0x0000000000000000), size 0, SharedBaseAddress: 0x0000000800000000, ArchiveRelocationMode: 1.
Narrow klass base: 0x0000000000000000, Narrow klass shift: 0, Narrow klass range: 0x0

GC Precious Log:
 CardTable entry size: 512
 Card Set container configuration: InlinePtr #cards 4 size 8 Array Of Cards #cards 32 size 80 Howl #buckets 8 coarsen threshold 7372 Howl Bitmap #cards 1024 size 144 coarsen threshold 921 Card regions per heap region 1 cards per card region 8192

Heap:
 garbage-first heap   total 0K, used 0K [0x0000000604000000, 0x0000000800000000)
  region size 4096K, 0 young (0K), 0 survivors (0K)

[error occurred during error reporting (printing heap information), id 0xc0000005, EXCEPTION_ACCESS_VIOLATION (0xc0000005) at pc=0x00007ff9cb351be9]
GC Heap History (0 events):
No events

Dll operation events (1 events):
Event: 0.011 Loaded shared library D:\jdk-21.0.1\bin\java.dll

Deoptimization events (0 events):
No events

Classes loaded (0 events):
No events

Classes unloaded (0 events):
No events

Classes redefined (0 events):
No events

Internal exceptions (0 events):
No events

ZGC Phase Switch (0 events):
No events

VM Operations (0 events):
No events

Events (0 events):
No events


Dynamic libraries:
0x00007ff634cf0000 - 0x00007ff634d00000 	D:\jdk-21.0.1\bin\java.exe
0x00007ffae25a0000 - 0x00007ffae27a9000 	C:\WINDOWS\SYSTEM32\ntdll.dll
0x00007ffae0f30000 - 0x00007ffae0fed000 	C:\WINDOWS\System32\KERNEL32.DLL
0x00007ffadfe00000 - 0x00007ffae0184000 	C:\WINDOWS\System32\KERNELBASE.dll
0x00007ffadfbc0000 - 0x00007ffadfcd1000 	C:\WINDOWS\System32\ucrtbase.dll
0x00007ffa9e430000 - 0x00007ffa9e449000 	D:\jdk-21.0.1\bin\jli.dll
0x00007ffa9e080000 - 0x00007ffa9e09b000 	D:\jdk-21.0.1\bin\VCRUNTIME140.dll
0x00007ffae0e80000 - 0x00007ffae0f2e000 	C:\WINDOWS\System32\ADVAPI32.dll
0x00007ffae23f0000 - 0x00007ffae2493000 	C:\WINDOWS\System32\msvcrt.dll
0x00007ffae1fd0000 - 0x00007ffae206e000 	C:\WINDOWS\System32\sechost.dll
0x00007ffae1000000 - 0x00007ffae1121000 	C:\WINDOWS\System32\RPCRT4.dll
0x00007ffae0410000 - 0x00007ffae05bd000 	C:\WINDOWS\System32\USER32.dll
0x00007ffacb910000 - 0x00007ffacbbb5000 	C:\WINDOWS\WinSxS\amd64_microsoft.windows.common-controls_6595b64144ccf1df_6.0.22000.120_none_9d947278b86cc467\COMCTL32.dll
0x00007ffae03c0000 - 0x00007ffae03e6000 	C:\WINDOWS\System32\win32u.dll
0x00007ffae2070000 - 0x00007ffae209a000 	C:\WINDOWS\System32\GDI32.dll
0x00007ffadfa30000 - 0x00007ffadfb4e000 	C:\WINDOWS\System32\gdi32full.dll
0x00007ffadfce0000 - 0x00007ffadfd7d000 	C:\WINDOWS\System32\msvcp_win.dll
0x00007ffad5320000 - 0x00007ffad532a000 	C:\WINDOWS\SYSTEM32\VERSION.dll
0x00007ffae24c0000 - 0x00007ffae24f1000 	C:\WINDOWS\System32\IMM32.DLL
0x00007ffad63c0000 - 0x00007ffad63cc000 	D:\jdk-21.0.1\bin\vcruntime140_1.dll
0x00007ffa44810000 - 0x00007ffa4489e000 	D:\jdk-21.0.1\bin\msvcp140.dll
0x00007ff9cac30000 - 0x00007ff9cb945000 	D:\jdk-21.0.1\bin\server\jvm.dll
0x00007ffae08d0000 - 0x00007ffae093f000 	C:\WINDOWS\System32\WS2_32.dll
0x00007ffade350000 - 0x00007ffade39d000 	C:\WINDOWS\SYSTEM32\POWRPROF.dll
0x00007ffad6380000 - 0x00007ffad63b3000 	C:\WINDOWS\SYSTEM32\WINMM.dll
0x00007ffade440000 - 0x00007ffade453000 	C:\WINDOWS\SYSTEM32\UMPDC.dll
0x00007ffadeb60000 - 0x00007ffadeb78000 	C:\WINDOWS\SYSTEM32\kernel.appcore.dll
0x00007ffaccd60000 - 0x00007ffaccd6a000 	D:\jdk-21.0.1\bin\jimage.dll
0x00007ffadd360000 - 0x00007ffadd581000 	C:\WINDOWS\SYSTEM32\DBGHELP.DLL
0x00007ffaca620000 - 0x00007ffaca651000 	C:\WINDOWS\SYSTEM32\dbgcore.DLL
0x00007ffadfd80000 - 0x00007ffadfdff000 	C:\WINDOWS\System32\bcryptPrimitives.dll
0x00007ffa9c480000 - 0x00007ffa9c49f000 	D:\jdk-21.0.1\bin\java.dll

dbghelp: loaded successfully - version: 4.0.5 - missing functions: none
symbol engine: initialized successfully - sym options: 0x614 - pdb path: .;D:\jdk-21.0.1\bin;C:\WINDOWS\SYSTEM32;C:\WINDOWS\WinSxS\amd64_microsoft.windows.common-controls_6595b64144ccf1df_6.0.22000.120_none_9d947278b86cc467;D:\jdk-21.0.1\bin\server

VM Arguments:
jvm_args: -XX:+ShowCodeDetailsInExceptionMessages 
java_command: App
java_class_path (initial): C:\Users\89372\Desktop\sofeware engineering神\Accounting App\bin
Launcher Type: SUN_STANDARD

[Global flags]
     intx CICompilerCount                          = 12                                        {product} {ergonomic}
     uint ConcGCThreads                            = 3                                         {product} {ergonomic}
     uint G1ConcRefinementThreads                  = 13                                        {product} {ergonomic}
   size_t G1HeapRegionSize                         = 4194304                                   {product} {ergonomic}
    uintx GCDrainStackTargetSize                   = 64                                        {product} {ergonomic}
   size_t InitialHeapSize                          = 532676608                                 {product} {ergonomic}
   size_t MarkStackSize                            = 4194304                                   {product} {ergonomic}
   size_t MaxHeapSize                              = 8522825728                                {product} {ergonomic}
   size_t MinHeapDeltaBytes                        = 4194304                                   {product} {ergonomic}
   size_t MinHeapSize                              = 8388608                                   {product} {ergonomic}
    uintx NonNMethodCodeHeapSize                   = 7602480                                {pd product} {ergonomic}
    uintx NonProfiledCodeHeapSize                  = 122027880                              {pd product} {ergonomic}
    uintx ProfiledCodeHeapSize                     = 122027880                              {pd product} {ergonomic}
    uintx ReservedCodeCacheSize                    = 251658240                              {pd product} {ergonomic}
     bool SegmentedCodeCache                       = true                                      {product} {ergonomic}
     bool ShowCodeDetailsInExceptionMessages       = true                                   {manageable} {command line}
   size_t SoftMaxHeapSize                          = 8522825728                             {manageable} {ergonomic}
     bool UseCompressedOops                        = true                           {product lp64_product} {ergonomic}
     bool UseG1GC                                  = true                                      {product} {ergonomic}
     bool UseLargePagesIndividualAllocation        = false                                  {pd product} {ergonomic}

Logging:
Log output configuration:
 #0: stdout all=warning uptime,level,tags foldmultilines=false
 #1: stderr all=off uptime,level,tags foldmultilines=false

Environment Variables:
JAVA_HOME=D:\jdk-21.0.1
CLASSPATH=D:\JDBC\sqljdbc_12.4\chs\jars\mssql-jdbc-12.4.2.jre8.jar;
PATH=D:\jdk-21.0.1\bin;D:\jdk-21.0.1\bin;C:\Program Files\Microsoft MPI\Bin\;C:\Program Files (x86)\Common Files\Oracle\Java\javapath;C:\Windows\system32;C:\Windows;C:\Windows\System32\Wbem;C:\Windows\System32\WindowsPowerShell\v1.0\;C:\Windows\System32\OpenSSH\;C:\Program Files\dotnet\;C:\Program Files\MATLAB\R2022a\bin;C:\Program Files\Azure Data Studio\bin;C:\Program Files (x86)\Microsoft SQL Server\160\Tools\Binn\;C:\Program Files\Microsoft SQL Server\160\Tools\Binn\;C:\Program Files\Microsoft SQL Server\Client SDK\ODBC\170\Tools\Binn\;C:\Program Files\Microsoft SQL Server\160\DTS\Binn\;C:\Program Files\MySQL\MySQL Server 8.0\bin;C:\Program Files (x86)\Tencent\微信web开发者工具\dll;;C:\Pr;gram Files\Git\cmd;C:\Program Files\TortoiseGit\bin;C:\Program Files\Git\cmd;C:\Program Files\NVIDIA Corporation\NVIDIA app\NvDLISR;C:\Program Files (x86)\NVIDIA Corporation\PhysX\Common;D:\Putty\;d:\cc\cursor\resources\app\bin;C:\Program Files\MySQL\MySQL Shell 8.0\bin\;C:\Users\89372\AppData\Local\Programs\Python\Python311\Scripts\;C:\Users\89372\AppData\Local\Programs\Python\Python311\;C:\Users\89372\AppData\Local\Microsoft\WindowsApps;C:\Program Files\JetBrains\PyCharm Community Edition 2023.2.3\bin;C:\Users\89372\AppData\Local\Programs\Microsoft VS Code\bin;C:\Users\89372\Desktop\program\apache-maven-3.8.8\bin;D:\gcc\mingw-w64-v6.0.1\mingw-w64-crt\include;C:\Users\89372\AppData\Local\Muse Hub\lib;C:\Program Files (x86)\Tencent\QQGameTempest\Hall.58574\;D:\cc\cursor\resources\app\bin
USERNAME=89372
LANG=en_US.UTF-8
OS=Windows_NT
PROCESSOR_IDENTIFIER=Intel64 Family 6 Model 141 Stepping 1, GenuineIntel
TMP=C:\Users\89372\AppData\Local\Temp
TEMP=C:\Users\89372\AppData\Local\Temp




Periodic native trim disabled

---------------  S Y S T E M  ---------------

OS:
 Windows 11 , 64 bit Build 22000 (10.0.22000.2538)
OS uptime: 0 days 7:37 hours
Hyper-V role detected

CPU: total 16 (initial active 16) (8 cores per cpu, 2 threads per core) family 6 model 141 stepping 1 microcode 0x3c, cx8, cmov, fxsr, ht, mmx, 3dnowpref, sse, sse2, sse3, ssse3, sse4.1, sse4.2, popcnt, lzcnt, tsc, tscinvbit, avx, avx2, aes, erms, clmul, bmi1, bmi2, adx, avx512f, avx512dq, avx512cd, avx512bw, avx512vl, sha, fma, vzeroupper, avx512_vpopcntdq, avx512_vpclmulqdq, avx512_vaes, avx512_vnni, clflush, clflushopt, clwb, avx512_vbmi2, avx512_vbmi, hv, rdtscp, rdpid, fsrm, gfni, avx512_bitalg, f16c, cet_ibt, cet_ss, avx512_ifma
Processor Information for all 16 processors :
  Max Mhz: 2304, Current Mhz: 2304, Mhz Limit: 2304

Memory: 4k page, system-wide physical 32506M (2550M free)
TotalPageFile size 41445M (AvailPageFile size 298M)
current process WorkingSet (physical memory assigned to process): 11M, peak: 11M
current process commit charge ("private bytes"): 71M, peak: 578M

vm_info: Java HotSpot(TM) 64-Bit Server VM (21.0.1+12-LTS-29) for windows-amd64 JRE (21.0.1+12-LTS-29), built on 2023-10-05T13:27:09Z by "mach5one" with MS VC++ 17.1 (VS2022)

END.
